#
# There is insufficient memory for the Java Runtime Environment to continue.
# Native memory allocation (mmap) failed to map 524288000 bytes for G1 virtual space
# Possible reasons:
#   The system is out of physical RAM or swap space
#   The process is running with CompressedOops enabled, and the Java Heap may be blocking the growth of the native heap
# Possible solutions:
#   Reduce memory load on the system
#   Increase physical memory or swap space
#   Check if swap backing store is full
#   Decrease Java heap size (-Xmx/-Xms)
#   Decrease number of Java threads
#   Decrease Java thread stack sizes (-Xss)
#   Set larger code cache with -XX:ReservedCodeCacheSize=
#   JVM is running with Zero Based Compressed Oops mode in which the Java heap is
#     placed in the first 32GB address space. The Java Heap base address is the
#     maximum limit for the native heap growth. Please use -XX:HeapBaseMinAddress
#     to set the Java Heap base and to place the Java Heap above 32GB virtual address.
# This output file may be truncated or incomplete.
#
#  Out of Memory Error (os_windows.cpp:3825), pid=864, tid=22384
#
# JRE version:  (17.0.9+7) (build )
# Java VM: OpenJDK 64-Bit Server VM (17.0.9+7-b1087.9, mixed mode, sharing, tiered, compressed oops, compressed class ptrs, g1 gc, windows-amd64)
# No core dump will be written. Minidumps are not enabled by default on client versions of Windows
#

---------------  S U M M A R Y ------------

Command Line: git4idea.http.GitAskPassApp Username for 'https://github.com': 

Host: AMD Ryzen 7 7700X 8-Core Processor             , 16 cores, 31G,  Windows 11 , 64 bit Build 22621 (10.0.22621.2506)
Time: Tue Jan  9 23:32:28 2024 Paris, Madrid elapsed time: 0.020862 seconds (0d 0h 0m 0s)

---------------  T H R E A D  ---------------

Current thread (0x0000025decec7980):  JavaThread "Unknown thread" [_thread_in_vm, id=22384, stack(0x0000009ea0500000,0x0000009ea0600000)]

Stack: [0x0000009ea0500000,0x0000009ea0600000]
Native frames: (J=compiled Java code, j=interpreted, Vv=VM code, C=native code)
V  [jvm.dll+0x688349]
V  [jvm.dll+0x841bfa]
V  [jvm.dll+0x84383e]
V  [jvm.dll+0x843ea3]
V  [jvm.dll+0x24bdef]
V  [jvm.dll+0x6850f9]
V  [jvm.dll+0x67988a]
V  [jvm.dll+0x30cbfb]
V  [jvm.dll+0x3140a6]
V  [jvm.dll+0x363ede]
V  [jvm.dll+0x36410f]
V  [jvm.dll+0x2e29c8]
V  [jvm.dll+0x2e3934]
V  [jvm.dll+0x812771]
V  [jvm.dll+0x371d41]
V  [jvm.dll+0x7f12bc]
V  [jvm.dll+0x3f59cf]
V  [jvm.dll+0x3f7601]
C  [jli.dll+0x528f]
C  [ucrtbase.dll+0x29363]
C  [KERNEL32.DLL+0x1257d]
C  [ntdll.dll+0x5aa58]


---------------  P R O C E S S  ---------------

Threads class SMR info:
_java_thread_list=0x00007ffeb4c4df18, length=0, elements={
}

Java Threads: ( => current thread )

Other Threads:
  0x0000025decf736f0 GCTaskThread "GC Thread#0" [stack: 0x0000009ea0600000,0x0000009ea0700000] [id=12292]
  0x0000025d92827d40 ConcurrentGCThread "G1 Main Marker" [stack: 0x0000009ea0700000,0x0000009ea0800000] [id=27988]
  0x0000025decf7c2c0 ConcurrentGCThread "G1 Conc#0" [stack: 0x0000009ea0800000,0x0000009ea0900000] [id=5888]

[error occurred during error reporting (printing all threads), id 0xc0000005, EXCEPTION_ACCESS_VIOLATION (0xc0000005) at pc=0x00007ffeb4403597]

VM state: not at safepoint (not fully initialized)

VM Mutex/Monitor currently owned by a thread:  ([mutex/lock_event])
[0x0000025decec19e0] Heap_lock - owner thread: 0x0000025decec7980

Heap address: 0x000000060d800000, size: 7976 MB, Compressed Oops mode: Zero based, Oop shift amount: 3

CDS archive(s) mapped at: [0x0000000000000000-0x0000000000000000-0x0000000000000000), size 0, SharedBaseAddress: 0x0000000800000000, ArchiveRelocationMode: 1.
Narrow klass base: 0x0000000000000000, Narrow klass shift: 0, Narrow klass range: 0x0

GC Precious Log:
<Empty>

Heap:
 garbage-first heap   total 0K, used 0K [0x000000060d800000, 0x0000000800000000)
  region size 4096K, 0 young (0K), 0 survivors (0K)
 Metaspace       used 0K, committed 0K, reserved 0K
  class space    used 0K, committed 0K, reserved 0K

Heap Regions: E=young(eden), S=young(survivor), O=old, HS=humongous(starts), HC=humongous(continues), CS=collection set, F=free, OA=open archive, CA=closed archive, TAMS=top-at-mark-start (previous, next)

Card table byte_map: [0x0000025d80fa0000,0x0000025d81f40000] _byte_map_base: 0x0000025d7df34000

Marking Bits (Prev, Next): (CMBitMap*) 0x0000025decf73d10, (CMBitMap*) 0x0000025decf73d50
 Prev Bits: [0x0000025d82ee0000, 0x0000025d8ab80000)
 Next Bits: [0x0000025d8ab80000, 0x0000025d92820000)

GC Heap History (0 events):
No events

Dll operation events (1 events):
Event: 0.003 Loaded shared library C:\Users\nicol\AppData\Local\Programs\Rider\jbr\bin\java.dll

Deoptimization events (0 events):
No events

Classes unloaded (0 events):
No events

Classes redefined (0 events):
No events

Internal exceptions (0 events):
No events

VM Operations (0 events):
No events

Events (0 events):
No events


Dynamic libraries:
0x00007ff713270000 - 0x00007ff71327a000 	C:\Users\nicol\AppData\Local\Programs\Rider\jbr\bin\java.exe
0x00007fff14b90000 - 0x00007fff14da7000 	C:\WINDOWS\SYSTEM32\ntdll.dll
0x00007fff13070000 - 0x00007fff13134000 	C:\WINDOWS\System32\KERNEL32.DLL
0x00007fff11fd0000 - 0x00007fff12376000 	C:\WINDOWS\System32\KERNELBASE.dll
0x00007fff12380000 - 0x00007fff12491000 	C:\WINDOWS\System32\ucrtbase.dll
0x00007fff03750000 - 0x00007fff03767000 	C:\Users\nicol\AppData\Local\Programs\Rider\jbr\bin\jli.dll
0x00007ffe9e830000 - 0x00007ffe9e84b000 	C:\Users\nicol\AppData\Local\Programs\Rider\jbr\bin\VCRUNTIME140.dll
0x00007fff12e60000 - 0x00007fff1300e000 	C:\WINDOWS\System32\USER32.dll
0x00007fff11f00000 - 0x00007fff11f26000 	C:\WINDOWS\System32\win32u.dll
0x00007fff11090000 - 0x00007fff11323000 	C:\WINDOWS\WinSxS\amd64_microsoft.windows.common-controls_6595b64144ccf1df_6.0.22621.2506_none_270c5ae97388e100\COMCTL32.dll
0x00007fff14a00000 - 0x00007fff14a29000 	C:\WINDOWS\System32\GDI32.dll
0x00007fff140b0000 - 0x00007fff14157000 	C:\WINDOWS\System32\msvcrt.dll
0x00007fff12700000 - 0x00007fff12818000 	C:\WINDOWS\System32\gdi32full.dll
0x00007fff11f30000 - 0x00007fff11fca000 	C:\WINDOWS\System32\msvcp_win.dll
0x00007fff14160000 - 0x00007fff14191000 	C:\WINDOWS\System32\IMM32.DLL
0x00007ffea1d70000 - 0x00007ffea1d7c000 	C:\Users\nicol\AppData\Local\Programs\Rider\jbr\bin\vcruntime140_1.dll
0x00007ffe8dad0000 - 0x00007ffe8db5d000 	C:\Users\nicol\AppData\Local\Programs\Rider\jbr\bin\msvcp140.dll
0x00007ffeb4110000 - 0x00007ffeb4d92000 	C:\Users\nicol\AppData\Local\Programs\Rider\jbr\bin\server\jvm.dll
0x00007fff13bb0000 - 0x00007fff13c61000 	C:\WINDOWS\System32\ADVAPI32.dll
0x00007fff13770000 - 0x00007fff13815000 	C:\WINDOWS\System32\sechost.dll
0x00007fff14a30000 - 0x00007fff14b47000 	C:\WINDOWS\System32\RPCRT4.dll
0x00007fff01c20000 - 0x00007fff01c29000 	C:\WINDOWS\SYSTEM32\WSOCK32.dll
0x00007fff11820000 - 0x00007fff1186d000 	C:\WINDOWS\SYSTEM32\POWRPROF.dll
0x00007fff13c70000 - 0x00007fff13ce1000 	C:\WINDOWS\System32\WS2_32.dll
0x00007fff08000000 - 0x00007fff08034000 	C:\WINDOWS\SYSTEM32\WINMM.dll
0x00007fff10460000 - 0x00007fff1046a000 	C:\WINDOWS\SYSTEM32\VERSION.dll
0x00007fff113c0000 - 0x00007fff113d3000 	C:\WINDOWS\SYSTEM32\UMPDC.dll
0x00007fff10010000 - 0x00007fff10028000 	C:\WINDOWS\SYSTEM32\kernel.appcore.dll
0x00007fff11770000 - 0x00007fff1177a000 	C:\Users\nicol\AppData\Local\Programs\Rider\jbr\bin\jimage.dll
0x00007fff11870000 - 0x00007fff11aa3000 	C:\WINDOWS\SYSTEM32\DBGHELP.DLL
0x00007fff13820000 - 0x00007fff13ba9000 	C:\WINDOWS\System32\combase.dll
0x00007fff12c70000 - 0x00007fff12d47000 	C:\WINDOWS\System32\OLEAUT32.dll
0x00007fff116e0000 - 0x00007fff11712000 	C:\WINDOWS\SYSTEM32\dbgcore.DLL
0x00007fff124a0000 - 0x00007fff1251a000 	C:\WINDOWS\System32\bcryptPrimitives.dll
0x00007fff0c5d0000 - 0x00007fff0c5f5000 	C:\Users\nicol\AppData\Local\Programs\Rider\jbr\bin\java.dll

dbghelp: loaded successfully - version: 4.0.5 - missing functions: none
symbol engine: initialized successfully - sym options: 0x614 - pdb path: .;C:\Users\nicol\AppData\Local\Programs\Rider\jbr\bin;C:\WINDOWS\SYSTEM32;C:\WINDOWS\WinSxS\amd64_microsoft.windows.common-controls_6595b64144ccf1df_6.0.22621.2506_none_270c5ae97388e100;C:\Users\nicol\AppData\Local\Programs\Rider\jbr\bin\server

VM Arguments:
java_command: git4idea.http.GitAskPassApp Username for 'https://github.com': 
java_class_path (initial): C:/Users/nicol/AppData/Local/Programs/Rider/plugins/vcs-git/lib/git4idea-rt.jar;C:/Users/nicol/AppData/Local/Programs/Rider/lib/externalProcess-rt.jar
Launcher Type: SUN_STANDARD

[Global flags]
     intx CICompilerCount                          = 12                                        {product} {ergonomic}
     uint ConcGCThreads                            = 3                                         {product} {ergonomic}
     uint G1ConcRefinementThreads                  = 13                                        {product} {ergonomic}
   size_t G1HeapRegionSize                         = 4194304                                   {product} {ergonomic}
    uintx GCDrainStackTargetSize                   = 64                                        {product} {ergonomic}
   size_t InitialHeapSize                          = 524288000                                 {product} {ergonomic}
   size_t MarkStackSize                            = 4194304                                   {product} {ergonomic}
   size_t MaxHeapSize                              = 8363442176                                {product} {ergonomic}
   size_t MinHeapDeltaBytes                        = 4194304                                   {product} {ergonomic}
   size_t MinHeapSize                              = 8388608                                   {product} {ergonomic}
    uintx NonNMethodCodeHeapSize                   = 7602480                                {pd product} {ergonomic}
    uintx NonProfiledCodeHeapSize                  = 122027880                              {pd product} {ergonomic}
    uintx ProfiledCodeHeapSize                     = 122027880                              {pd product} {ergonomic}
    uintx ReservedCodeCacheSize                    = 251658240                              {pd product} {ergonomic}
     bool SegmentedCodeCache                       = true                                      {product} {ergonomic}
   size_t SoftMaxHeapSize                          = 8363442176                             {manageable} {ergonomic}
     bool UseCompressedClassPointers               = true                           {product lp64_product} {ergonomic}
     bool UseCompressedOops                        = true                           {product lp64_product} {ergonomic}
     bool UseG1GC                                  = true                                      {product} {ergonomic}
     bool UseLargePagesIndividualAllocation        = false                                  {pd product} {ergonomic}

Logging:
Log output configuration:
 #0: stdout all=warning uptime,level,tags
 #1: stderr all=off uptime,level,tags

Environment Variables:
PATH=C:/Program Files/Git/mingw64/libexec/git-core;C:/Program Files/Git/mingw64/libexec/git-core;C:\Program Files\Git\mingw64\bin;C:\Program Files\Git\usr\bin;C:\Users\nicol\bin;C:\Program Files\PlasticSCM5\server;C:\Program Files\PlasticSCM5\client;C:\WINDOWS\system32;C:\WINDOWS;C:\WINDOWS\System32\Wbem;C:\WINDOWS\System32\WindowsPowerShell\v1.0\;C:\WINDOWS\System32\OpenSSH\;C:\Program Files\NVIDIA Corporation\NVIDIA NvDLISR;C:\Program Files (x86)\NVIDIA Corporation\PhysX\Common;C:\Program Files\Git\cmd;C:\Users\nicol\AppData\Roaming\nvm;C:\Program Files\nodejs;C:\Program Files (x86)\Yarn\bin\;C:\php;C:\ProgramData\ComposerSetup\bin;C:\Program Files\Docker\Docker\resources\bin;C:\Program Files\dotnet\;C:\Program Files (x86)\Microsoft SQL Server\160\Tools\Binn\;C:\Program Files\Microsoft SQL Server\160\Tools\Binn\;C:\Program Files\Microsoft SQL Server\Client SDK\ODBC\170\Tools\Binn\;C:\Program Files\Microsoft SQL Server\160\DTS\Binn\;C:\Program Files (x86)\Microsoft SQL Server\160\DTS\Binn\;C:\Program Files\Azure Data Studio\bin;C:\Users\nicol\scoop\shims;C:\Users\nicol\AppData\Local\Microsoft\WindowsApps;C:\Users\nicol\AppData\Local\JetBrains\Toolbox\scripts;C:\Users\nicol\AppData\Roaming\nvm;C:\Program Files\nodejs;C:\Users\nicol\AppData\Local\Yarn\bin;C:\Users\nicol\AppData\Roaming\Composer\vendor\bin;C:\Users\nicol\.dotnet\tools;C:\Program Files\Azure Data Studio\bin
USERNAME=nicol
DISPLAY=:0.0
LC_ALL=en_US.UTF-8
TERM=xterm-256color
TMPDIR=C:\Users\nicol\AppData\Local\Temp
OS=Windows_NT
PROCESSOR_IDENTIFIER=AMD64 Family 25 Model 97 Stepping 2, AuthenticAMD
TMP=C:\Users\nicol\AppData\Local\Temp
TEMP=C:\Users\nicol\AppData\Local\Temp



Periodic native trim disabled

JNI global refs:
JNI global refs: 0, weak refs: 0

JNI global refs memory usage: 0, weak refs: 0

OOME stack traces (most recent first):
Classloader memory used:


---------------  S Y S T E M  ---------------

OS:
 Windows 11 , 64 bit Build 22621 (10.0.22621.2506)
OS uptime: 3 days 8:09 hours
Hyper-V role detected

CPU: total 16 (initial active 16) (16 cores per cpu, 2 threads per core) family 25 model 97 stepping 2 microcode 0x0, cx8, cmov, fxsr, ht, mmx, 3dnowpref, sse, sse2, sse3, ssse3, sse4a, sse4.1, sse4.2, popcnt, lzcnt, tsc, tscinvbit, avx, avx2, aes, erms, clmul, bmi1, bmi2, adx, avx512f, avx512dq, avx512cd, avx512bw, avx512vl, sha, fma, vzeroupper, avx512_vpopcntdq, avx512_vpclmulqdq, avx512_vaes, avx512_vnni, clflush, clflushopt, avx512_vbmi2, avx512_vbmi, hv
Processor Information for all 16 processors :
  Max Mhz: 4501, Current Mhz: 4501, Mhz Limit: 4501

Memory: 4k page, system-wide physical 31892M (16526M free)
TotalPageFile size 130087M (AvailPageFile size 380M)
current process WorkingSet (physical memory assigned to process): 11M, peak: 11M
current process commit charge ("private bytes"): 71M, peak: 571M

vm_info: OpenJDK 64-Bit Server VM (17.0.9+7-b1087.9) for windows-amd64 JRE (17.0.9+7-b1087.9), built on 2023-12-05 by "builduser" with MS VC++ 16.10 / 16.11 (VS2019)

END.
